"../../../../../Documents/Unreal Engine Projects/DINO/Content/DinoSprites/Music/MenuCHange.uasset" 0
"../../../../../Documents/Unreal Engine Projects/DINO/Content/MyBlueprints/PauseMenue_bp.uasset" 1
"../../Plugins/2D/Paper2D/Content/PlaceholderTextures/DummySpriteTexture.uasset" 2
"../../../../../Documents/Unreal Engine Projects/DINO/Content/2DSideScroller/Materials/NonEmmisive.uasset" 3
"../../../../../Documents/Unreal Engine Projects/DINO/Content/DinoSprites/Music/DinoJump.uasset" 4
"../../Plugins/2D/Paper2D/Content/DefaultSpriteMaterial.uasset" 5
"../../Plugins/2D/Paper2D/Content/TranslucentUnlitSpriteMaterial.uasset" 6
"../../../../../Documents/Unreal Engine Projects/DINO/Content/DinoSprites/Others/BG.uasset" 7
"../../../../../Documents/Unreal Engine Projects/DINO/Content/DinoSprites/Others/BG_Sprite.uasset" 8
"../../../../../Documents/Unreal Engine Projects/DINO/Content/2DSideScroller/Materials/Emmisive.uasset" 9
"../../../../../Documents/Unreal Engine Projects/DINO/Content/2DSideScroller/Materials/DefaultSpriteMaterial.uasset" 10
"../../../../../Documents/Unreal Engine Projects/DINO/Content/DinoSprites/DInoSprites/Dead/Dead__1_.uasset" 11
"../../../../../Documents/Unreal Engine Projects/DINO/Content/DinoSprites/DInoSprites/Dead/Dead__1__Sprite.uasset" 12
"../../../../../Documents/Unreal Engine Projects/DINO/Content/DinoSprites/DInoSprites/Dead/Dead__2_.uasset" 13
"../../../../../Documents/Unreal Engine Projects/DINO/Content/DinoSprites/DInoSprites/Dead/Dead__2__Sprite.uasset" 14
"../../../../../Documents/Unreal Engine Projects/DINO/Content/DinoSprites/DInoSprites/Dead/Dead__3_.uasset" 15
"../../../../../Documents/Unreal Engine Projects/DINO/Content/DinoSprites/DInoSprites/Dead/Dead__3__Sprite.uasset" 16
"../../../../../Documents/Unreal Engine Projects/DINO/Content/DinoSprites/DInoSprites/Dead/Dead__4_.uasset" 17
"../../../../../Documents/Unreal Engine Projects/DINO/Content/DinoSprites/DInoSprites/Dead/Dead__4__Sprite.uasset" 18
"../../../../../Documents/Unreal Engine Projects/DINO/Content/DinoSprites/DInoSprites/Dead/Dead__5_.uasset" 19
"../../../../../Documents/Unreal Engine Projects/DINO/Content/DinoSprites/DInoSprites/Dead/Dead__5__Sprite.uasset" 20
"../../../../../Documents/Unreal Engine Projects/DINO/Content/DinoSprites/DInoSprites/Dead/Dead__6_.uasset" 21
"../../../../../Documents/Unreal Engine Projects/DINO/Content/DinoSprites/DInoSprites/Dead/Dead__6__Sprite.uasset" 22
"../../../../../Documents/Unreal Engine Projects/DINO/Content/DinoSprites/DInoSprites/Dead/Dead__7_.uasset" 23
"../../../../../Documents/Unreal Engine Projects/DINO/Content/DinoSprites/DInoSprites/Dead/Dead__7__Sprite.uasset" 24
"../../../../../Documents/Unreal Engine Projects/DINO/Content/DinoSprites/DInoSprites/Dead/Dead__8_.uasset" 25
"../../../../../Documents/Unreal Engine Projects/DINO/Content/DinoSprites/DInoSprites/Dead/Dead__8__Sprite.uasset" 26
"../../../../../Documents/Unreal Engine Projects/DINO/Content/DinoSprites/Sprite_Animations/Dead.uasset" 27
"../../../../../Documents/Unreal Engine Projects/DINO/Content/DinoSprites/DInoSprites/Idle/Idle__10_.uasset" 28
"../../../../../Documents/Unreal Engine Projects/DINO/Content/DinoSprites/DInoSprites/Idle/Idle__10__Sprite.uasset" 29
"../../../../../Documents/Unreal Engine Projects/DINO/Content/DinoSprites/DInoSprites/Idle/Idle__1_.uasset" 30
"../../../../../Documents/Unreal Engine Projects/DINO/Content/DinoSprites/DInoSprites/Idle/Idle__1__Sprite.uasset" 31
"../../../../../Documents/Unreal Engine Projects/DINO/Content/DinoSprites/DInoSprites/Idle/Idle__2_.uasset" 32
"../../../../../Documents/Unreal Engine Projects/DINO/Content/DinoSprites/DInoSprites/Idle/Idle__2__Sprite.uasset" 33
"../../../../../Documents/Unreal Engine Projects/DINO/Content/DinoSprites/DInoSprites/Idle/Idle__3_.uasset" 34
"../../../../../Documents/Unreal Engine Projects/DINO/Content/DinoSprites/DInoSprites/Idle/Idle__3__Sprite.uasset" 35
"../../../../../Documents/Unreal Engine Projects/DINO/Content/DinoSprites/DInoSprites/Idle/Idle__4_.uasset" 36
"../../../../../Documents/Unreal Engine Projects/DINO/Content/DinoSprites/DInoSprites/Idle/Idle__4__Sprite.uasset" 37
"../../../../../Documents/Unreal Engine Projects/DINO/Content/DinoSprites/DInoSprites/Idle/Idle__5_.uasset" 38
"../../../../../Documents/Unreal Engine Projects/DINO/Content/DinoSprites/DInoSprites/Idle/Idle__5__Sprite.uasset" 39
"../../../../../Documents/Unreal Engine Projects/DINO/Content/DinoSprites/DInoSprites/Idle/Idle__6_.uasset" 40
"../../../../../Documents/Unreal Engine Projects/DINO/Content/DinoSprites/DInoSprites/Idle/Idle__6__Sprite.uasset" 41
"../../../../../Documents/Unreal Engine Projects/DINO/Content/DinoSprites/DInoSprites/Idle/Idle__7_.uasset" 42
"../../../../../Documents/Unreal Engine Projects/DINO/Content/DinoSprites/DInoSprites/Idle/Idle__7__Sprite.uasset" 43
"../../../../../Documents/Unreal Engine Projects/DINO/Content/DinoSprites/DInoSprites/Idle/Idle__8_.uasset" 44
"../../../../../Documents/Unreal Engine Projects/DINO/Content/DinoSprites/DInoSprites/Idle/Idle__8__Sprite.uasset" 45
"../../../../../Documents/Unreal Engine Projects/DINO/Content/DinoSprites/DInoSprites/Idle/Idle__9_.uasset" 46
"../../../../../Documents/Unreal Engine Projects/DINO/Content/DinoSprites/DInoSprites/Idle/Idle__9__Sprite.uasset" 47
"../../../../../Documents/Unreal Engine Projects/DINO/Content/DinoSprites/Sprite_Animations/Idle.uasset" 48
"../../../../../Documents/Unreal Engine Projects/DINO/Content/DinoSprites/DInoSprites/Jump/Jump__10_.uasset" 49
"../../../../../Documents/Unreal Engine Projects/DINO/Content/DinoSprites/DInoSprites/Jump/Jump__10__Sprite.uasset" 50
"../../../../../Documents/Unreal Engine Projects/DINO/Content/DinoSprites/DInoSprites/Jump/Jump__11_.uasset" 51
"../../../../../Documents/Unreal Engine Projects/DINO/Content/DinoSprites/DInoSprites/Jump/Jump__11__Sprite.uasset" 52
"../../../../../Documents/Unreal Engine Projects/DINO/Content/DinoSprites/DInoSprites/Jump/Jump__12_.uasset" 53
"../../../../../Documents/Unreal Engine Projects/DINO/Content/DinoSprites/DInoSprites/Jump/Jump__12__Sprite.uasset" 54
"../../../../../Documents/Unreal Engine Projects/DINO/Content/DinoSprites/DInoSprites/Jump/Jump__1_.uasset" 55
"../../../../../Documents/Unreal Engine Projects/DINO/Content/DinoSprites/DInoSprites/Jump/Jump__1__Sprite.uasset" 56
"../../../../../Documents/Unreal Engine Projects/DINO/Content/DinoSprites/DInoSprites/Jump/Jump__2_.uasset" 57
"../../../../../Documents/Unreal Engine Projects/DINO/Content/DinoSprites/DInoSprites/Jump/Jump__2__Sprite.uasset" 58
"../../../../../Documents/Unreal Engine Projects/DINO/Content/DinoSprites/DInoSprites/Jump/Jump__3_.uasset" 59
"../../../../../Documents/Unreal Engine Projects/DINO/Content/DinoSprites/DInoSprites/Jump/Jump__3__Sprite.uasset" 60
"../../../../../Documents/Unreal Engine Projects/DINO/Content/DinoSprites/DInoSprites/Jump/Jump__4_.uasset" 61
"../../../../../Documents/Unreal Engine Projects/DINO/Content/DinoSprites/DInoSprites/Jump/Jump__4__Sprite.uasset" 62
"../../../../../Documents/Unreal Engine Projects/DINO/Content/DinoSprites/DInoSprites/Jump/Jump__5_.uasset" 63
"../../../../../Documents/Unreal Engine Projects/DINO/Content/DinoSprites/DInoSprites/Jump/Jump__5__Sprite.uasset" 64
"../../../../../Documents/Unreal Engine Projects/DINO/Content/DinoSprites/DInoSprites/Jump/Jump__6_.uasset" 65
"../../../../../Documents/Unreal Engine Projects/DINO/Content/DinoSprites/DInoSprites/Jump/Jump__6__Sprite.uasset" 66
"../../../../../Documents/Unreal Engine Projects/DINO/Content/DinoSprites/DInoSprites/Jump/Jump__7_.uasset" 67
"../../../../../Documents/Unreal Engine Projects/DINO/Content/DinoSprites/DInoSprites/Jump/Jump__7__Sprite.uasset" 68
"../../../../../Documents/Unreal Engine Projects/DINO/Content/DinoSprites/DInoSprites/Jump/Jump__8_.uasset" 69
"../../../../../Documents/Unreal Engine Projects/DINO/Content/DinoSprites/DInoSprites/Jump/Jump__8__Sprite.uasset" 70
"../../../../../Documents/Unreal Engine Projects/DINO/Content/DinoSprites/DInoSprites/Jump/Jump__9_.uasset" 71
"../../../../../Documents/Unreal Engine Projects/DINO/Content/DinoSprites/DInoSprites/Jump/Jump__9__Sprite.uasset" 72
"../../../../../Documents/Unreal Engine Projects/DINO/Content/DinoSprites/Sprite_Animations/Jump_Anim.uasset" 73
"../../../../../Documents/Unreal Engine Projects/DINO/Content/DinoSprites/DInoSprites/RUn/Run__1_.uasset" 74
"../../../../../Documents/Unreal Engine Projects/DINO/Content/DinoSprites/DInoSprites/RUn/Run__1__Sprite.uasset" 75
"../../../../../Documents/Unreal Engine Projects/DINO/Content/DinoSprites/DInoSprites/RUn/Run__2_.uasset" 76
"../../../../../Documents/Unreal Engine Projects/DINO/Content/DinoSprites/DInoSprites/RUn/Run__2__Sprite.uasset" 77
"../../../../../Documents/Unreal Engine Projects/DINO/Content/DinoSprites/DInoSprites/RUn/Run__3_.uasset" 78
"../../../../../Documents/Unreal Engine Projects/DINO/Content/DinoSprites/DInoSprites/RUn/Run__3__Sprite.uasset" 79
"../../../../../Documents/Unreal Engine Projects/DINO/Content/DinoSprites/DInoSprites/RUn/Run__4_.uasset" 80
"../../../../../Documents/Unreal Engine Projects/DINO/Content/DinoSprites/DInoSprites/RUn/Run__4__Sprite.uasset" 81
"../../../../../Documents/Unreal Engine Projects/DINO/Content/DinoSprites/DInoSprites/RUn/Run__5_.uasset" 82
"../../../../../Documents/Unreal Engine Projects/DINO/Content/DinoSprites/DInoSprites/RUn/Run__5__Sprite.uasset" 83
"../../../../../Documents/Unreal Engine Projects/DINO/Content/DinoSprites/DInoSprites/RUn/Run__6_.uasset" 84
"../../../../../Documents/Unreal Engine Projects/DINO/Content/DinoSprites/DInoSprites/RUn/Run__6__Sprite.uasset" 85
"../../../../../Documents/Unreal Engine Projects/DINO/Content/DinoSprites/DInoSprites/RUn/Run__7_.uasset" 86
"../../../../../Documents/Unreal Engine Projects/DINO/Content/DinoSprites/DInoSprites/RUn/Run__7__Sprite.uasset" 87
"../../../../../Documents/Unreal Engine Projects/DINO/Content/DinoSprites/DInoSprites/RUn/Run__8_.uasset" 88
"../../../../../Documents/Unreal Engine Projects/DINO/Content/DinoSprites/DInoSprites/RUn/Run__8__Sprite.uasset" 89
"../../../../../Documents/Unreal Engine Projects/DINO/Content/DinoSprites/Sprite_Animations/Run.uasset" 90
"../../../../../Documents/Unreal Engine Projects/DINO/Content/MyBlueprints/BP_2DSideScrollerCharacter.uasset" 91
"../../../../../Documents/Unreal Engine Projects/DINO/Content/DinoSprites/DInoSprites/Obsticles/Bush__2_.uasset" 92
"../../../../../Documents/Unreal Engine Projects/DINO/Content/DinoSprites/DInoSprites/Obsticles/Bush__2__Sprite.uasset" 93
"../../../../../Documents/Unreal Engine Projects/DINO/Content/MyBlueprints/Obsticle_BP.uasset" 94
"../../../../../Documents/Unreal Engine Projects/DINO/Content/DinoSprites/DInoSprites/Obsticles/Tree_3.uasset" 95
"../../../../../Documents/Unreal Engine Projects/DINO/Content/DinoSprites/DInoSprites/Obsticles/Tree_3_Sprite.uasset" 96
"../../../../../Documents/Unreal Engine Projects/DINO/Content/MyBlueprints/Tree.uasset" 97
"../../../../../Documents/Unreal Engine Projects/DINO/Content/DinoSprites/Others/13.uasset" 98
"../../../../../Documents/Unreal Engine Projects/DINO/Content/DinoSprites/Others/13_Sprite.uasset" 99
"../../../../../Documents/Unreal Engine Projects/DINO/Content/DinoSprites/Others/14.uasset" 100
"../../../../../Documents/Unreal Engine Projects/DINO/Content/DinoSprites/Others/14_Sprite.uasset" 101
"../../../../../Documents/Unreal Engine Projects/DINO/Content/DinoSprites/Others/15.uasset" 102
"../../../../../Documents/Unreal Engine Projects/DINO/Content/DinoSprites/Others/15_Sprite.uasset" 103
"../../../../../Documents/Unreal Engine Projects/DINO/Content/MyBlueprints/Platform_BP.uasset" 104
"../../../../../Documents/Unreal Engine Projects/DINO/Content/MyBlueprints/MyDINOGameMode_BP.uasset" 105
"../../../../../Documents/Unreal Engine Projects/DINO/Content/MyDINOGameMode_BP.uasset" 106
"../../Plugins/2D/Paper2D/Content/OpaqueUnlitSpriteMaterial.uasset" 107
"../../../../../Documents/Unreal Engine Projects/DINO/Content/2dSideScroller/Textures/2DBackground.uasset" 108
"../../../../../Documents/Unreal Engine Projects/DINO/Content/2DSideScroller/Sprites/Background_Sprite.uasset" 109
"../../../../../Documents/Unreal Engine Projects/DINO/Content/2DSideScroller/Textures/2DBackgroundTile.uasset" 110
"../../../../../Documents/Unreal Engine Projects/DINO/Content/2DSideScroller/Materials/PrototypingSpriteMaterial.uasset" 111
"../../../../../Documents/Unreal Engine Projects/DINO/Content/2DSideScroller/Sprites/PrototypingSprite.uasset" 112
"../../../../../Documents/Unreal Engine Projects/DINO/Content/2dSideScroller/Textures/2DCharacter_RunAnimAtlas.uasset" 113
"../../../../../Documents/Unreal Engine Projects/DINO/Content/2dSideScroller/Sprites/RunFrames/RunCycle_1.uasset" 114
"../../../../../Documents/Unreal Engine Projects/DINO/Content/2dSideScroller/Sprites/RunFrames/RunCycle_10.uasset" 115
"../../../../../Documents/Unreal Engine Projects/DINO/Content/2dSideScroller/Sprites/RunFrames/RunCycle_11.uasset" 116
"../../../../../Documents/Unreal Engine Projects/DINO/Content/2dSideScroller/Sprites/RunFrames/RunCycle_12.uasset" 117
"../../../../../Documents/Unreal Engine Projects/DINO/Content/2dSideScroller/Sprites/RunFrames/RunCycle_13.uasset" 118
"../../../../../Documents/Unreal Engine Projects/DINO/Content/2dSideScroller/Sprites/RunFrames/RunCycle_14.uasset" 119
"../../../../../Documents/Unreal Engine Projects/DINO/Content/2dSideScroller/Sprites/RunFrames/RunCycle_15.uasset" 120
"../../../../../Documents/Unreal Engine Projects/DINO/Content/2dSideScroller/Sprites/RunFrames/RunCycle_16.uasset" 121
"../../../../../Documents/Unreal Engine Projects/DINO/Content/2dSideScroller/Sprites/RunFrames/RunCycle_2.uasset" 122
"../../../../../Documents/Unreal Engine Projects/DINO/Content/2dSideScroller/Sprites/RunFrames/RunCycle_3.uasset" 123
"../../../../../Documents/Unreal Engine Projects/DINO/Content/2dSideScroller/Sprites/RunFrames/RunCycle_4.uasset" 124
"../../../../../Documents/Unreal Engine Projects/DINO/Content/2dSideScroller/Sprites/RunFrames/RunCycle_5.uasset" 125
"../../../../../Documents/Unreal Engine Projects/DINO/Content/2dSideScroller/Sprites/RunFrames/RunCycle_6.uasset" 126
"../../../../../Documents/Unreal Engine Projects/DINO/Content/2dSideScroller/Sprites/RunFrames/RunCycle_7.uasset" 127
"../../../../../Documents/Unreal Engine Projects/DINO/Content/2dSideScroller/Sprites/RunFrames/RunCycle_8.uasset" 128
"../../../../../Documents/Unreal Engine Projects/DINO/Content/2dSideScroller/Sprites/RunFrames/RunCycle_9.uasset" 129
"../../../../../Documents/Unreal Engine Projects/DINO/Content/2DSideScroller/Sprites/RunningAnimation.uasset" 130
"../../../../../Documents/Unreal Engine Projects/DINO/Content/2DSideScrollerCPP/Blueprints/BP_2DSideScrollerCharacter.uasset" 131
"../../../../../Documents/Unreal Engine Projects/DINO/Content/DinoSprites/DInoSprites/Obsticles/Bush__1_.uasset" 132
"../../../../../Documents/Unreal Engine Projects/DINO/Content/DinoSprites/DInoSprites/Obsticles/Bush__1__Sprite.uasset" 133
"../../../../../Documents/Unreal Engine Projects/DINO/Content/DinoSprites/DInoSprites/Obsticles/Bush__3_.uasset" 134
"../../../../../Documents/Unreal Engine Projects/DINO/Content/DinoSprites/DInoSprites/Obsticles/Bush__3__Sprite.uasset" 135
"../../../../../Documents/Unreal Engine Projects/DINO/Content/DinoSprites/DInoSprites/Obsticles/Bush__4_.uasset" 136
"../../../../../Documents/Unreal Engine Projects/DINO/Content/DinoSprites/DInoSprites/Obsticles/Bush__4__Sprite.uasset" 137
"../../../../../Documents/Unreal Engine Projects/DINO/Content/DinoSprites/DInoSprites/Obsticles/Crate.uasset" 138
"../../../../../Documents/Unreal Engine Projects/DINO/Content/DinoSprites/DInoSprites/Obsticles/Crate_Sprite.uasset" 139
"../../../../../Documents/Unreal Engine Projects/DINO/Content/DinoSprites/DInoSprites/Obsticles/Mushroom_1.uasset" 140
"../../../../../Documents/Unreal Engine Projects/DINO/Content/DinoSprites/DInoSprites/Obsticles/Mushroom_1_Sprite.uasset" 141
"../../../../../Documents/Unreal Engine Projects/DINO/Content/DinoSprites/DInoSprites/Obsticles/Mushroom_2.uasset" 142
"../../../../../Documents/Unreal Engine Projects/DINO/Content/DinoSprites/DInoSprites/Obsticles/Mushroom_2_Sprite.uasset" 143
"../../../../../Documents/Unreal Engine Projects/DINO/Content/DinoSprites/DInoSprites/Obsticles/Sign_1.uasset" 144
"../../../../../Documents/Unreal Engine Projects/DINO/Content/DinoSprites/DInoSprites/Obsticles/Sign_1_Sprite.uasset" 145
"../../../../../Documents/Unreal Engine Projects/DINO/Content/DinoSprites/DInoSprites/Obsticles/Sign_2.uasset" 146
"../../../../../Documents/Unreal Engine Projects/DINO/Content/DinoSprites/DInoSprites/Obsticles/Sign_2_Sprite.uasset" 147
"../../../../../Documents/Unreal Engine Projects/DINO/Content/DinoSprites/DInoSprites/Obsticles/Stone.uasset" 148
"../../../../../Documents/Unreal Engine Projects/DINO/Content/DinoSprites/DInoSprites/Obsticles/Stone_Sprite.uasset" 149
"../../../../../Documents/Unreal Engine Projects/DINO/Content/DinoSprites/DInoSprites/Obsticles/Tree_1.uasset" 150
"../../../../../Documents/Unreal Engine Projects/DINO/Content/DinoSprites/DInoSprites/Obsticles/Tree_1_Sprite.uasset" 151
"../../../../../Documents/Unreal Engine Projects/DINO/Content/DinoSprites/DInoSprites/Obsticles/Tree_2.uasset" 152
"../../../../../Documents/Unreal Engine Projects/DINO/Content/DinoSprites/DInoSprites/Obsticles/Tree_2_Sprite.uasset" 153
"../../../../../Documents/Unreal Engine Projects/DINO/Content/2dSideScroller/Textures/2DCharacter_IdleAnimAtlas.uasset" 154
"../../../../../Documents/Unreal Engine Projects/DINO/Content/2dSideScroller/Sprites/IdleFrames/IdleCycle1.uasset" 155
"../../../../../Documents/Unreal Engine Projects/DINO/Content/2dSideScroller/Sprites/IdleFrames/IdleCycle2.uasset" 156
"../../../../../Documents/Unreal Engine Projects/DINO/Content/2dSideScroller/Sprites/IdleFrames/IdleCycle3.uasset" 157
"../../../../../Documents/Unreal Engine Projects/DINO/Content/2dSideScroller/Sprites/IdleFrames/IdleCycle4.uasset" 158
"../../../../../Documents/Unreal Engine Projects/DINO/Content/2dSideScroller/Sprites/IdleFrames/IdleCycle5.uasset" 159
"../../../../../Documents/Unreal Engine Projects/DINO/Content/2dSideScroller/Sprites/IdleFrames/IdleCycle6.uasset" 160
"../../../../../Documents/Unreal Engine Projects/DINO/Content/2dSideScroller/Sprites/IdleFrames/IdleCycle7.uasset" 161
"../../../../../Documents/Unreal Engine Projects/DINO/Content/2dSideScroller/Sprites/IdleFrames/IdleCycle8.uasset" 162
"../../../../../Documents/Unreal Engine Projects/DINO/Content/2DSideScroller/Sprites/IdleAnimation.uasset" 163
"../../../../../Documents/Unreal Engine Projects/DINO/Content/DinoSprites/Sprite_Animations/Idle_Anim.uasset" 164
"../../../../../Documents/Unreal Engine Projects/DINO/Content/DinoSprites/Sprite_Animations/Run_Anim.uasset" 165
"../../../../../Documents/Unreal Engine Projects/DINO/Content/DinoSprites/DInoSprites/Walk/Walk__10_.uasset" 166
"../../../../../Documents/Unreal Engine Projects/DINO/Content/DinoSprites/DInoSprites/Walk/Walk__10__Sprite.uasset" 167
"../../../../../Documents/Unreal Engine Projects/DINO/Content/DinoSprites/DInoSprites/Walk/Walk__1_.uasset" 168
"../../../../../Documents/Unreal Engine Projects/DINO/Content/DinoSprites/DInoSprites/Walk/Walk__1__Sprite.uasset" 169
"../../../../../Documents/Unreal Engine Projects/DINO/Content/DinoSprites/DInoSprites/Walk/Walk__2_.uasset" 170
"../../../../../Documents/Unreal Engine Projects/DINO/Content/DinoSprites/DInoSprites/Walk/Walk__2__Sprite.uasset" 171
"../../../../../Documents/Unreal Engine Projects/DINO/Content/DinoSprites/DInoSprites/Walk/Walk__3_.uasset" 172
"../../../../../Documents/Unreal Engine Projects/DINO/Content/DinoSprites/DInoSprites/Walk/Walk__3__Sprite.uasset" 173
"../../../../../Documents/Unreal Engine Projects/DINO/Content/DinoSprites/DInoSprites/Walk/Walk__4_.uasset" 174
"../../../../../Documents/Unreal Engine Projects/DINO/Content/DinoSprites/DInoSprites/Walk/Walk__4__Sprite.uasset" 175
"../../../../../Documents/Unreal Engine Projects/DINO/Content/DinoSprites/DInoSprites/Walk/Walk__5_.uasset" 176
"../../../../../Documents/Unreal Engine Projects/DINO/Content/DinoSprites/DInoSprites/Walk/Walk__5__Sprite.uasset" 177
"../../../../../Documents/Unreal Engine Projects/DINO/Content/DinoSprites/DInoSprites/Walk/Walk__6_.uasset" 178
"../../../../../Documents/Unreal Engine Projects/DINO/Content/DinoSprites/DInoSprites/Walk/Walk__6__Sprite.uasset" 179
"../../../../../Documents/Unreal Engine Projects/DINO/Content/DinoSprites/DInoSprites/Walk/Walk__7_.uasset" 180
"../../../../../Documents/Unreal Engine Projects/DINO/Content/DinoSprites/DInoSprites/Walk/Walk__7__Sprite.uasset" 181
"../../../../../Documents/Unreal Engine Projects/DINO/Content/DinoSprites/DInoSprites/Walk/Walk__8_.uasset" 182
"../../../../../Documents/Unreal Engine Projects/DINO/Content/DinoSprites/DInoSprites/Walk/Walk__8__Sprite.uasset" 183
"../../../../../Documents/Unreal Engine Projects/DINO/Content/DinoSprites/DInoSprites/Walk/Walk__9_.uasset" 184
"../../../../../Documents/Unreal Engine Projects/DINO/Content/DinoSprites/DInoSprites/Walk/Walk__9__Sprite.uasset" 185
"../../../../../Documents/Unreal Engine Projects/DINO/Content/DinoSprites/Sprite_Animations/Walk_Anim.uasset" 186
"../../../Engine/Content/Animation/DefaultAnimCurveCompressionSettings.uasset" 187
"../../../Engine/Content/Functions/Engine_MaterialFunctions01/Opacity/CameraDepthFade.uasset" 188
"../../../Engine/Content/EngineMaterials/T_Default_Material_Grid_M.uasset" 189
"../../../Engine/Content/EngineMaterials/T_Default_Material_Grid_N.uasset" 190
"../../../Engine/Content/EngineMaterials/WorldGridMaterial.uasset" 191
"../../../Engine/Content/ArtTools/RenderToTexture/Meshes/S_1_Unit_Plane.uasset" 192
"../../../Engine/Content/EngineMaterials/DefaultMaterial.uasset" 193
"../../../Engine/Content/BasicShapes/Cone.uasset" 194
"../../../Engine/Content/BasicShapes/Cube.uasset" 195
"../../../Engine/Content/BasicShapes/Cylinder.uasset" 196
"../../../Engine/Content/BasicShapes/Plane.uasset" 197
"../../../Engine/Content/BasicShapes/Sphere.uasset" 198
"../../../Engine/Content/EditorLandscapeResources/DataLayer.uasset" 199
"../../../Engine/Content/EditorMaterials/GizmoMaterial.uasset" 200
"../../../Engine/Content/EditorMaterials/MAT_Groups_Toggle.uasset" 201
"../../../Engine/Content/EditorMaterials/MAT_Groups_Visibility.uasset" 202
"../../../Engine/Content/EditorMaterials/PreviewShadowIndicator.uasset" 203
"../../../Engine/Content/EditorMaterials/PreviewShadowIndicatorMaterial.uasset" 204
"../../../Engine/Content/EditorMaterials/MatineeGroups/MAT_ColorTrack.uasset" 205
"../../../Engine/Content/EditorMaterials/MatineeGroups/MAT_Groups_Anim.uasset" 206
"../../../Engine/Content/EditorMaterials/MatineeGroups/MAT_Groups_AudioMaster.uasset" 207
"../../../Engine/Content/EditorMaterials/MatineeGroups/MAT_Groups_Director.uasset" 208
"../../../Engine/Content/EditorMaterials/MatineeGroups/MAT_Groups_Event.uasset" 209
"../../../Engine/Content/EditorMaterials/MatineeGroups/MAT_Groups_Fade.uasset" 210
"../../../Engine/Content/EditorMaterials/MatineeGroups/MAT_Groups_Float.uasset" 211
"../../../Engine/Content/EditorMaterials/MatineeGroups/MAT_Groups_Move.uasset" 212
"../../../Engine/Content/EditorMaterials/MatineeGroups/MAT_Groups_Slomo.uasset" 213
"../../../Engine/Content/EditorMaterials/MatineeGroups/MAT_Groups_Sound.uasset" 214
"../../../Engine/Content/EditorMaterials/MatineeGroups/MAT_Groups_Vector.uasset" 215
"../../../Engine/Content/EditorMaterials/ParticleSystems/PSysThumbnail_NoImage.uasset" 216
"../../../Engine/Content/EditorMaterials/ParticleSystems/PSysThumbnail_OOD.uasset" 217
"../../../Engine/Content/EditorMaterials/Camera/CineMat.uasset" 218
"../../../Engine/Content/EditorMaterials/Camera/MI_CineMat_Rig.uasset" 219
"../../../Engine/Content/EditorMeshes/Camera/SM_CraneRig_Arm.uasset" 220
"../../../Engine/Content/EditorMeshes/Camera/SM_CraneRig_Base.uasset" 221
"../../../Engine/Content/EditorMeshes/Camera/SM_CraneRig_Body.uasset" 222
"../../../Engine/Content/EditorMeshes/Camera/SM_CraneRig_Mount.uasset" 223
"../../../Engine/Content/EditorMeshes/Camera/SM_RailRig_Mount.uasset" 224
"../../../Engine/Content/EditorMeshes/Camera/SM_RailRig_Track.uasset" 225
"../../../Engine/Content/EditorResources/BSPVertex.uasset" 226
"../../../Engine/Content/EditorResources/EmptyActor.uasset" 227
"../../../Engine/Content/EditorResources/S_Actor.uasset" 228
"../../../Engine/Content/EditorResources/S_Note.uasset" 229
"../../../Engine/Content/EditorResources/S_Solver.uasset" 230
"../../../Engine/Content/EditorResources/S_Trigger.uasset" 231
"../../../Engine/Content/EditorResources/LightIcons/S_LightError.uasset" 232
"../../../Engine/Content/EditorResources/SequenceRecorder/Countdown.uasset" 233
"../../../Engine/Content/EditorResources/SequenceRecorder/RecordingIndicator.uasset" 234
"../../../Engine/Content/EditorSounds/Notifications/CompileFailed.uasset" 235
"../../../Engine/Content/EditorSounds/Notifications/CompileFailed_Cue.uasset" 236
"../../../Engine/Content/EditorSounds/Notifications/CompileSuccess.uasset" 237
"../../../Engine/Content/EditorSounds/Notifications/CompileStart_Cue.uasset" 238
"../../../Engine/Content/EditorSounds/Notifications/CompileSuccess_Cue.uasset" 239
"../../../Engine/Content/EngineDamageTypes/DmgTypeBP_Environmental.uasset" 240
"../../../Engine/Content/EngineDebugMaterials/HeatmapGradient.uasset" 241
"../../../Engine/Content/EngineDebugMaterials/BoneWeightMaterial.uasset" 242
"../../../Engine/Content/EngineDebugMaterials/ClothMaterial.uasset" 243
"../../../Engine/Content/EngineDebugMaterials/ClothMaterial_WF.uasset" 244
"../../../Engine/Content/EngineDebugMaterials/DebugEditorMaterial.uasset" 245
"../../../Engine/Content/EngineDebugMaterials/DebugMeshMaterial.uasset" 246
"../../../Engine/Content/EngineDebugMaterials/GeomMaterial.uasset" 247
"../../../Engine/Content/EngineDebugMaterials/M_SimpleTranslucent.uasset" 248
"../../../Engine/Content/Functions/Engine_MaterialFunctions02/Utility/CameraDirectionVector.uasset" 249
"../../../Engine/Content/EngineDebugMaterials/VolumeToRender.uasset" 250
"../../../Engine/Content/EngineDebugMaterials/M_VolumeRenderSphereTracePP.uasset" 251
"../../../Engine/Content/EngineDebugMaterials/WireframeMaterial.uasset" 252
"../../../Engine/Content/EngineFonts/Faces/RobotoBold.uasset" 253
"../../../Engine/Content/EngineFonts/Faces/RobotoBoldItalic.uasset" 254
"../../../Engine/Content/EngineFonts/Faces/RobotoItalic.uasset" 255
"../../../Engine/Content/EngineFonts/Faces/RobotoLight.uasset" 256
"../../../Engine/Content/EngineFonts/Faces/RobotoRegular.uasset" 257
"../../../Engine/Content/EngineFonts/Roboto.uasset" 258
"../../../Engine/Content/EngineMaterials/BaseFlattenDiffuseMap.uasset" 259
"../../../Engine/Content/EngineMaterials/BaseFlattenEmissiveMap.uasset" 260
"../../../Engine/Content/EngineMaterials/BaseFlattenGrayscaleMap.uasset" 261
"../../../Engine/Content/EngineMaterials/BaseFlattenNormalMap.uasset" 262
"../../../Engine/Content/EngineMaterials/BaseFlattenMaterial.uasset" 263
"../../../Engine/Content/EngineMaterials/BlueNoise.uasset" 264
"../../../Engine/Content/EngineMaterials/DefaultBloomKernel.uasset" 265
"../../../Engine/Content/EngineMaterials/DefaultBokeh.uasset" 266
"../../../Engine/Content/EngineMaterials/DefaultDiffuse.uasset" 267
"../../../Engine/Content/EngineMaterials/DefaultDeferredDecalMaterial.uasset" 268
"../../../Engine/Content/EngineMaterials/DefaultLightFunctionMaterial.uasset" 269
"../../../Engine/Content/EngineMaterials/DefaultPhysicalMaterial.uasset" 270
"../../../Engine/Content/Functions/Engine_MaterialFunctions02/Utility/BreakOutFloat2Components.uasset" 271
"../../../Engine/Content/EngineMaterials/DefaultPostProcessMaterial.uasset" 272
"../../../Engine/Content/EngineFonts/RobotoDistanceField.uasset" 273
"../../../Engine/Content/EngineMaterials/DefaultTextMaterialOpaque.uasset" 274
"../../../Engine/Content/EngineMaterials/DefaultVirtualTextureMaterial.uasset" 275
"../../../Engine/Content/EngineMaterials/DefaultWhiteGrid.uasset" 276
"../../../Engine/Content/EngineMaterials/EditorBrushMaterial.uasset" 277
"../../../Engine/Content/EngineMaterials/DefaultWhiteGrid_Low.uasset" 278
"../../../Engine/Content/EngineMaterials/EmissiveMeshMaterial.uasset" 279
"../../../Engine/Content/EngineMaterials/Good64x64TilingNoiseHighFreq.uasset" 280
"../../../Engine/Content/EngineMaterials/MiniFont.uasset" 281
"../../../Engine/Content/EngineMaterials/InvalidLightmapSettings.uasset" 282
"../../../Engine/Content/EngineMaterials/M_InvalidLightmapSettings.uasset" 283
"../../../Engine/Content/Functions/Engine_MaterialFunctions02/WorldPositionOffset/CameraOffset.uasset" 284
"../../../Engine/Content/EngineMaterials/PhAT_JointLimitMaterial.uasset" 285
"../../../Engine/Content/EngineMaterials/PreintegratedSkinBRDF.uasset" 286
"../../../Engine/Content/EngineMaterials/RemoveSurfaceMaterial.uasset" 287
"../../../Engine/Content/EngineMaterials/WeightMapPlaceholderTexture.uasset" 288
"../../../Engine/Content/EngineResources/WhiteSquareTexture.uasset" 289
"../../../Engine/Content/EngineMaterials/Widget3DPassThrough.uasset" 290
"../../../Engine/Content/EngineMaterials/Widget3DPassThrough_Masked.uasset" 291
"../../../Engine/Content/EngineMaterials/Widget3DPassThrough_Opaque.uasset" 292
"../../../Engine/Content/EngineMaterials/Widget3DPassThrough_Masked_OneSided.uasset" 293
"../../../Engine/Content/EngineMaterials/Widget3DPassThrough_Opaque_OneSided.uasset" 294
"../../../Engine/Content/EngineMaterials/Widget3DPassThrough_Translucent.uasset" 295
"../../../Engine/Content/EngineMaterials/Widget3DPassThrough_Translucent_OneSided.uasset" 296
"../../../Engine/Content/EngineMeshes/Cylinder.uasset" 297
"../../../Engine/Content/EngineMeshes/Sphere.uasset" 298
"../../../Engine/Content/EngineResources/Black.uasset" 299
"../../../Engine/Content/EngineResources/DefaultTexture.uasset" 300
"../../../Engine/Content/EngineResources/DefaultTextureCube.uasset" 301
"../../../Engine/Content/EngineResources/DefaultVolumeTexture2D.uasset" 302
"../../../Engine/Content/EngineResources/DefaultVolumeTexture.uasset" 303
"../../../Engine/Content/EngineResources/GradientTexture0.uasset" 304
"../../../Engine/Content/EngineSounds/Master.uasset" 305
"../../../Engine/Content/Functions/Engine_MaterialFunctions01/Shading/ConvertFromDiffSpec.uasset" 306
"../../../Engine/Content/Functions/Engine_MaterialFunctions01/Shading/PowerToRoughness.uasset" 307
"../../../Engine/Content/Maps/Templates/Thumbnails/Default.uasset" 308
"../../../Engine/Content/Maps/Templates/Thumbnails/VR-Basic.uasset" 309
"../../../Engine/Content/MobileResources/T_MobileControls_texture.uasset" 310
"../../../Engine/Content/MobileResources/T_MobileMenu2.uasset" 311
"../../../Engine/Content/MobileResources/HUD/AnalogHat.uasset" 312
"../../../Engine/Content/MobileResources/HUD/VirtualJoystick_Background.uasset" 313
"../../../Engine/Content/MobileResources/HUD/VirtualJoystick_Thumb.uasset" 314
"../../../Engine/Content/MobileResources/HUD/DefaultVirtualJoysticks.uasset" 315
"../../../Engine/Content/MobileResources/HUD/LeftVirtualJoystickOnly.uasset" 316
"../../../Engine/Content/MobileResources/HUD/MobileHUDButton1_off.uasset" 317
"../../../Engine/Content/MobileResources/HUD/MobileHUDButton1_on.uasset" 318
"../../../Engine/Content/MobileResources/HUD/MobileHUDButton2_off.uasset" 319
"../../../Engine/Content/MobileResources/HUD/MobileHUDButton2_on.uasset" 320
"../../../Engine/Content/MobileResources/HUD/MobileHUDButton3.uasset" 321
"../../../Engine/Content/MobileResources/HUD/MobileHUDButtonFire.uasset" 322
"../../../Engine/Content/MobileResources/HUD/MobileHUDDirectionPad.uasset" 323
"../../../Engine/Content/MobileResources/HUD/MobileHUDDirectionPad2.uasset" 324
"../../../Engine/Content/MobileResources/HUD/MobileHUDDirectionPad3.uasset" 325
"../../../Engine/Content/MobileResources/HUD/MobileHUDDirectionStick.uasset" 326
"../../../Engine/Content/MobileResources/HUD/T_Castle_ThumbstickInner.uasset" 327
"../../../Engine/Content/MobileResources/HUD/T_Castle_ThumbstickOutter.uasset" 328
"../../../Engine/Content/Tutorial/ContentIntroCurve.uasset" 329
"../../../Engine/Content/Tutorial/Basics/LevelEditorAttract.uasset" 330
"../../../Engine/Content/VREditor/LaserPointer/VR_LaserPower_01.uasset" 331
"../../../Engine/Content/VREditor/TransformGizmo/TransformGizmoMaterial.uasset" 332
"../../../Engine/Content/VREditor/TransformGizmo/TranslucentTransformGizmoMaterial.uasset" 333
"../../../Engine/Content/VREditor/TransformGizmo/BoundingBoxCorner.uasset" 334
"../../../Engine/Content/VREditor/TransformGizmo/BoundingBoxEdge.uasset" 335
"../../../Engine/Content/VREditor/TransformGizmo/PlaneTranslationHandle.uasset" 336
"../../../Engine/Content/VREditor/TransformGizmo/Main.uasset" 337
"../../../Engine/Content/VREditor/TransformGizmo/Xray.uasset" 338
"../../../Engine/Content/VREditor/TransformGizmo/SM_Sequencer_Key.uasset" 339
"../../../Engine/Content/VREditor/TransformGizmo/SM_Sequencer_Node.uasset" 340
"../../Plugins/2D/Paper2D/Content/DummySprite.uasset" 341
"../../Plugins/2D/Paper2D/Content/DefaultPaperTerrainMaterial.uasset" 342
"../../Plugins/2D/Paper2D/Content/MaskedUnlitSpriteMaterial.uasset" 343
"../../Plugins/Runtime/Oculus/OculusVR/Content/OculusMR_RenderTarget.uasset" 344
"../../../Engine/Content/Functions/Engine_MaterialFunctions02/Utility/BreakOutFloat4Components.uasset" 345
"../../../Engine/Content/Functions/Engine_MaterialFunctions02/Utility/MakeFloat2.uasset" 346
"../../../Engine/Content/Functions/Engine_MaterialFunctions02/Utility/MakeFloat3.uasset" 347
"../../Plugins/Runtime/Oculus/OculusVR/Content/Materials/OculusMR_ChromaKey.uasset" 348
"../../Plugins/Runtime/Oculus/OculusVR/Content/Materials/OculusMR_ChromaKey_Lit.uasset" 349
"../../Plugins/Runtime/Oculus/OculusVR/Content/Materials/OculusMR_OpaqueColoredMaterial.uasset" 350
"../../Plugins/Runtime/Oculus/OculusVR/Content/Materials/OculusMR_WhiteMaterial.uasset" 351
"../../Plugins/2D/Paper2D/Content/PlaceholderTextures/FlatNormalMap.uasset" 352
"../../Plugins/2D/Paper2D/Content/DefaultLitSpriteMaterial.uasset" 353
"../../../../../Documents/Unreal Engine Projects/DINO/Content/2DSideScroller/Textures/2DBackgroundBlockAtlas.uasset" 354
"../../../../../Documents/Unreal Engine Projects/DINO/Content/2DSideScroller/Sprites/Ledge.uasset" 355
"../../../../../Documents/Unreal Engine Projects/DINO/Content/MyBlueprints/StartingPlatform.uasset" 356
"../../../../../Documents/Unreal Engine Projects/DINO/Content/2DSideScrollerCPP/Maps/2DSideScrollerExampleMap_BuiltData.uasset" 357
"../../../../../Documents/Unreal Engine Projects/DINO/Content/DinoSprites/Music/DinoThemeSong.uasset" 358
"../../../../../Documents/Unreal Engine Projects/DINO/Content/2DSideScroller/Textures/Night.uasset" 359
"../../../../../Documents/Unreal Engine Projects/DINO/Content/2DSideScroller/Textures/Night_Sprite.uasset" 360
"../../../../../Documents/Unreal Engine Projects/DINO/Content/MyBlueprints/Menu.uasset" 361
"../../../../../Documents/Unreal Engine Projects/DINO/Content/2DSideScrollerCPP/Maps/2DSideScrollerExampleMap.umap" 362
"../../../../../Documents/Unreal Engine Projects/DINO/Content/DinoSprites/Maps/DinoMap_BuiltData.uasset" 363
"../../../../../Documents/Unreal Engine Projects/DINO/Content/DinoSprites/Music/Kickass.uasset" 364
"../../../../../Documents/Unreal Engine Projects/DINO/Content/DinoSprites/Maps/DinoMap.umap" 365
